=== Unit Tests  2026-05-13 14:00:22 ===
============================= test session starts ==============================
platform linux -- Python 3.11.10, pytest-9.0.3, pluggy-1.6.0 -- /usr/bin/python
cachedir: .pytest_cache
rootdir: /workspace/COSE461-proj
configfile: pytest.ini
plugins: anyio-4.6.0
collecting ... collected 184 items / 19 deselected / 165 selected

tests/test_consistency_monitor.py::TestC1TargetChecks::test_clear_when_target_at_same_position PASSED [  0%]
tests/test_consistency_monitor.py::TestC1TargetChecks::test_clear_within_threshold PASSED [  1%]
tests/test_consistency_monitor.py::TestC1TargetChecks::test_invalid_target_when_label_missing PASSED [  1%]
tests/test_consistency_monitor.py::TestC1TargetChecks::test_invalid_target_when_empty_detections PASSED [  2%]
tests/test_consistency_monitor.py::TestC1TargetChecks::test_ambiguous_target_when_multiple_instances PASSED [  3%]
tests/test_consistency_monitor.py::TestC1TargetChecks::test_ambiguous_target_when_displaced_beyond_threshold PASSED [  3%]
tests/test_consistency_monitor.py::TestC1TargetChecks::test_boundary_exactly_at_threshold_is_clear PASSED [  4%]
tests/test_consistency_monitor.py::TestC1TargetChecks::test_boundary_just_over_threshold_is_ambiguous PASSED [  4%]
tests/test_consistency_monitor.py::TestC2DestinationChecks::test_clear_when_destination_at_same_position PASSED [  5%]
tests/test_consistency_monitor.py::TestC2DestinationChecks::test_clear_within_threshold PASSED [  6%]
tests/test_consistency_monitor.py::TestC2DestinationChecks::test_invalid_destination_when_label_missing PASSED [  6%]
tests/test_consistency_monitor.py::TestC2DestinationChecks::test_invalid_destination_when_empty_detections PASSED [  7%]
tests/test_consistency_monitor.py::TestC2DestinationChecks::test_ambiguous_destination_when_multiple_instances PASSED [  7%]
tests/test_consistency_monitor.py::TestC2DestinationChecks::test_ambiguous_destination_when_displaced PASSED [  8%]
tests/test_consistency_monitor.py::TestC2DestinationChecks::test_boundary_exactly_at_threshold_is_clear PASSED [  9%]
tests/test_consistency_monitor.py::TestC2DestinationChecks::test_boundary_just_over_threshold_is_ambiguous PASSED [  9%]
tests/test_consistency_monitor.py::TestDecisionPolicy::test_clear_yields_continue PASSED [ 10%]
tests/test_consistency_monitor.py::TestDecisionPolicy::test_ambiguous_target_yields_ask PASSED [ 10%]
tests/test_consistency_monitor.py::TestDecisionPolicy::test_invalid_target_yields_stop PASSED [ 11%]
tests/test_consistency_monitor.py::TestDecisionPolicy::test_ambiguous_destination_yields_ask PASSED [ 12%]
tests/test_consistency_monitor.py::TestDecisionPolicy::test_invalid_destination_yields_ask PASSED [ 12%]
tests/test_consistency_monitor.py::TestReturnTypes::test_returns_tuple_of_two PASSED [ 13%]
tests/test_consistency_monitor.py::TestReturnTypes::test_first_element_is_grounding_state PASSED [ 13%]
tests/test_consistency_monitor.py::TestReturnTypes::test_second_element_is_decision PASSED [ 14%]
tests/test_consistency_monitor.py::TestReturnTypes::test_state_value_is_string PASSED [ 15%]
tests/test_consistency_monitor.py::TestInvalidCheckpoint::test_invalid_checkpoint_raises_value_error PASSED [ 15%]
tests/test_consistency_monitor.py::TestInvalidCheckpoint::test_lowercase_checkpoint_raises_value_error PASSED [ 16%]
tests/test_consistency_monitor.py::TestInvalidCheckpoint::test_empty_checkpoint_raises_value_error PASSED [ 16%]
tests/test_consistency_monitor.py::TestEdgeCases::test_same_label_for_target_and_destination PASSED [ 17%]
tests/test_consistency_monitor.py::TestEdgeCases::test_c1_does_not_check_destination PASSED [ 18%]
tests/test_consistency_monitor.py::TestEdgeCases::test_c2_does_not_check_target PASSED [ 18%]
tests/test_consistency_monitor.py::TestEdgeCases::test_extra_labels_in_detections_are_ignored PASSED [ 19%]
tests/test_consistency_monitor.py::TestEdgeCases::test_threshold_zero_always_fails_unless_exact PASSED [ 20%]
tests/test_consistency_monitor.py::TestEdgeCases::test_threshold_zero_exact_match_is_clear PASSED [ 20%]
tests/test_consistency_monitor.py::TestEdgeCases::test_large_threshold_always_clear_when_single_instance PASSED [ 21%]
tests/test_consistency_monitor.py::TestEdgeCases::test_coord_list_with_none_values_treated_as_missing PASSED [ 21%]
tests/test_consistency_monitor.py::TestScenarioAlignment::test_scenario1_clear_continuation PASSED [ 22%]
tests/test_consistency_monitor.py::TestScenarioAlignment::test_scenario2_same_category_target_added PASSED [ 23%]
tests/test_consistency_monitor.py::TestScenarioAlignment::test_scenario3_target_disappeared PASSED [ 23%]
tests/test_consistency_monitor.py::TestScenarioAlignment::test_scenario4_new_destination_candidate PASSED [ 24%]
tests/test_consistency_monitor.py::TestScenarioAlignment::test_scenario5_distractor_added PASSED [ 24%]
tests/test_consistency_monitor.py::TestGetCheckpointDetections::test_calls_reset_then_detect PASSED [ 25%]
tests/test_consistency_monitor.py::TestGetCheckpointDetections::test_detect_called_with_g0_labels PASSED [ 26%]
tests/test_consistency_monitor.py::TestGetCheckpointDetections::test_deduplicates_labels_when_target_eq_destination PASSED [ 26%]
tests/test_consistency_monitor.py::TestGetCheckpointDetections::test_reset_failure_raises_runtime_error PASSED [ 27%]
tests/test_consistency_monitor.py::TestGetCheckpointDetections::test_detect_failure_raises_runtime_error PASSED [ 27%]
tests/test_g0_extractor.py::TestHappyPath::test_returns_correct_g0_structure PASSED [ 28%]
tests/test_g0_extractor.py::TestHappyPath::test_image_shape_is_list_of_two_ints PASSED [ 29%]
tests/test_g0_extractor.py::TestHappyPath::test_coord_values_are_python_ints PASSED [ 29%]
tests/test_g0_extractor.py::TestHappyPath::test_exactly_four_handle_calls PASSED [ 30%]
tests/test_g0_extractor.py::TestCallSequence::test_reset_is_first_call PASSED [ 30%]
tests/test_g0_extractor.py::TestCallSequence::test_query_is_second_call_with_task_description PASSED [ 31%]
tests/test_g0_extractor.py::TestCallSequence::test_respond_always_called_with_empty_string_even_when_non_ambiguous PASSED [ 32%]
tests/test_g0_extractor.py::TestCallSequence::test_detect_is_fourth_call_with_role_labels PASSED [ 32%]
tests/test_g0_extractor.py::TestAmbiguityPaths::test_ambiguous_raises_runtime_error_by_default PASSED [ 33%]
tests/test_g0_extractor.py::TestAmbiguityPaths::test_ambiguous_error_contains_clarifying_question PASSED [ 33%]
tests/test_g0_extractor.py::TestAmbiguityPaths::test_ambiguous_stops_before_respond_and_detect PASSED [ 34%]
tests/test_g0_extractor.py::TestAmbiguityPaths::test_allow_ambiguous_runs_all_four_steps PASSED [ 35%]
tests/test_g0_extractor.py::TestErrorPaths::test_reset_failure_raises_runtime_error PASSED [ 35%]
tests/test_g0_extractor.py::TestErrorPaths::test_query_failure_raises_runtime_error PASSED [ 36%]
tests/test_g0_extractor.py::TestErrorPaths::test_missing_detection_label_raises_value_error PASSED [ 36%]
tests/test_g0_extractor.py::TestKeyNameVariants::test_ambiguity_and_object_list_key_names PASSED [ 37%]
tests/test_g0_extractor.py::TestKeyNameVariants::test_step2_empty_object_list_falls_back_to_step1 PASSED [ 38%]
tests/test_g0_extractor.py::TestMakeHandlerArgs::test_make_handler_called_with_defaults PASSED [ 38%]
tests/test_g0_extractor.py::TestMakeHandlerArgs::test_make_handler_called_with_custom_args PASSED [ 39%]
tests/test_g0_extractor.py::TestRealImage::test_real_image_shape PASSED  [ 40%]
tests/test_pilot_threshold.py::TestCentroid::test_single_coord PASSED    [ 40%]
tests/test_pilot_threshold.py::TestCentroid::test_two_coords PASSED      [ 41%]
tests/test_pilot_threshold.py::TestCentroid::test_symmetric_coords PASSED [ 41%]
tests/test_pilot_threshold.py::TestCentroid::test_empty_raises PASSED    [ 42%]
tests/test_pilot_threshold.py::TestEuclidean::test_same_point_is_zero PASSED [ 43%]
tests/test_pilot_threshold.py::TestEuclidean::test_horizontal_distance PASSED [ 43%]
tests/test_pilot_threshold.py::TestEuclidean::test_vertical_distance PASSED [ 44%]
tests/test_pilot_threshold.py::TestEuclidean::test_diagonal_345 PASSED   [ 44%]
tests/test_pilot_threshold.py::TestEuclidean::test_symmetric PASSED      [ 45%]
tests/test_pilot_threshold.py::TestPercentile::test_50th_of_sorted_list PASSED [ 46%]
tests/test_pilot_threshold.py::TestPercentile::test_100th_is_max PASSED  [ 46%]
tests/test_pilot_threshold.py::TestPercentile::test_single_element PASSED [ 47%]
tests/test_pilot_threshold.py::TestPercentile::test_empty_raises PASSED  [ 47%]
tests/test_pilot_threshold.py::TestPercentile::test_95th_with_known_data PASSED [ 48%]
tests/test_pilot_threshold.py::TestPercentile::test_order_independent PASSED [ 49%]
tests/test_pilot_threshold.py::TestComputeIntraStats::test_single_object_single_coord PASSED [ 49%]
tests/test_pilot_threshold.py::TestComputeIntraStats::test_no_variation_gives_zero_spread PASSED [ 50%]
tests/test_pilot_threshold.py::TestComputeIntraStats::test_known_variation PASSED [ 50%]
tests/test_pilot_threshold.py::TestComputeIntraStats::test_multiple_labels PASSED [ 51%]
tests/test_pilot_threshold.py::TestComputeIntraStats::test_empty_coords_skipped PASSED [ 52%]
tests/test_pilot_threshold.py::TestComputeIntraStats::test_custom_percentile PASSED [ 52%]
tests/test_pilot_threshold.py::TestComputeInterInstanceDistances::test_single_instance_returns_none PASSED [ 53%]
tests/test_pilot_threshold.py::TestComputeInterInstanceDistances::test_two_instances PASSED [ 53%]
tests/test_pilot_threshold.py::TestComputeInterInstanceDistances::test_three_instances_min_distance PASSED [ 54%]
tests/test_pilot_threshold.py::TestComputeInterInstanceDistances::test_empty_coords PASSED [ 55%]
tests/test_pilot_threshold.py::TestComputeInterInstanceDistances::test_multiple_labels PASSED [ 55%]
tests/test_pilot_threshold.py::TestRecommendThreshold::test_single_label PASSED [ 56%]
tests/test_pilot_threshold.py::TestRecommendThreshold::test_takes_max_across_labels PASSED [ 56%]
tests/test_pilot_threshold.py::TestRecommendThreshold::test_rounds_to_integer PASSED [ 57%]
tests/test_pilot_threshold.py::TestRecommendThreshold::test_empty_stats_raises PASSED [ 58%]
tests/test_pilot_threshold.py::TestRecommendThreshold::test_missing_p_key_raises PASSED [ 58%]
tests/test_pilot_threshold.py::TestRecommendThreshold::test_zero_noise_gives_zero_threshold PASSED [ 59%]
tests/test_pilot_threshold.py::TestRecommendThreshold::test_custom_safety_factor PASSED [ 60%]
tests/test_pilot_threshold.py::TestBuildReport::test_output_keys PASSED  [ 60%]
tests/test_pilot_threshold.py::TestBuildReport::test_threshold_is_int PASSED [ 61%]
tests/test_pilot_threshold.py::TestBuildReport::test_note_contains_threshold PASSED [ 61%]
tests/test_pilot_threshold.py::TestBuildReport::test_custom_safety_factor PASSED [ 62%]
tests/test_pilot_threshold.py::TestCollectDetectionsMock::test_returns_coords_for_each_object PASSED [ 63%]
tests/test_pilot_threshold.py::TestCollectDetectionsMock::test_n_trials_determines_count PASSED [ 63%]
tests/test_pilot_threshold.py::TestCollectDetectionsMock::test_coords_are_two_element_lists PASSED [ 64%]
tests/test_pilot_threshold.py::TestCollectDetectionsMock::test_seed_reproducibility PASSED [ 64%]
tests/test_pilot_threshold.py::TestCollectDetectionsMock::test_different_seeds_differ PASSED [ 65%]
tests/test_pilot_threshold.py::TestCollectDetectionsMock::test_noise_zero_gives_same_coord_each_trial PASSED [ 66%]
tests/test_pilot_threshold.py::TestCollectDetectionsMock::test_larger_noise_gives_larger_spread PASSED [ 66%]
tests/test_pilot_threshold.py::TestCollectDetectionsReal::test_single_image_repeated_n_trials PASSED [ 67%]
tests/test_pilot_threshold.py::TestCollectDetectionsReal::test_multiple_images_detected_once_each PASSED [ 67%]
tests/test_pilot_threshold.py::TestCollectDetectionsReal::test_reset_called_before_each_detect PASSED [ 68%]
tests/test_pilot_threshold.py::TestCollectDetectionsReal::test_missing_detection_skipped PASSED [ 69%]
tests/test_pilot_threshold.py::TestEndToEndMock::test_mock_pipeline_produces_valid_report PASSED [ 69%]
tests/test_pilot_threshold.py::TestEndToEndMock::test_report_json_serialisable PASSED [ 70%]
tests/test_pilot_threshold.py::TestEndToEndMock::test_low_noise_gives_low_threshold PASSED [ 70%]
tests/test_pilot_threshold.py::TestEndToEndMock::test_high_noise_gives_higher_threshold PASSED [ 71%]
tests/test_role_parser.py::TestBasicVerbPreposition::test_place_on PASSED [ 72%]
tests/test_role_parser.py::TestBasicVerbPreposition::test_put_into PASSED [ 72%]
tests/test_role_parser.py::TestBasicVerbPreposition::test_move_to PASSED [ 73%]
tests/test_role_parser.py::TestBasicVerbPreposition::test_pick_in PASSED [ 73%]
tests/test_role_parser.py::TestBasicVerbPreposition::test_grab_onto PASSED [ 74%]
tests/test_role_parser.py::TestBasicVerbPreposition::test_take_inside PASSED [ 75%]
tests/test_role_parser.py::TestBasicVerbPreposition::test_drop_on PASSED [ 75%]
tests/test_role_parser.py::TestBasicVerbPreposition::test_insert_into PASSED [ 76%]
tests/test_role_parser.py::TestArticleSkipping::test_the_before_target PASSED [ 76%]
tests/test_role_parser.py::TestArticleSkipping::test_a_before_target PASSED [ 77%]
tests/test_role_parser.py::TestArticleSkipping::test_an_before_target PASSED [ 78%]
tests/test_role_parser.py::TestArticleSkipping::test_multiple_articles PASSED [ 78%]
tests/test_role_parser.py::TestMultiWordObjects::test_two_word_target PASSED [ 79%]
tests/test_role_parser.py::TestMultiWordObjects::test_two_word_destination PASSED [ 80%]
tests/test_role_parser.py::TestMultiWordObjects::test_both_multi_word PASSED [ 80%]
tests/test_role_parser.py::TestMultiWordObjects::test_three_word_object PASSED [ 81%]
tests/test_role_parser.py::TestMultiWordObjects::test_longer_label_preferred_over_substring PASSED [ 81%]
tests/test_role_parser.py::TestAllVerbs::test_each_verb_identifies_target[place] PASSED [ 82%]
tests/test_role_parser.py::TestAllVerbs::test_each_verb_identifies_target[put] PASSED [ 83%]
tests/test_role_parser.py::TestAllVerbs::test_each_verb_identifies_target[move] PASSED [ 83%]
tests/test_role_parser.py::TestAllVerbs::test_each_verb_identifies_target[pick] PASSED [ 84%]
tests/test_role_parser.py::TestAllVerbs::test_each_verb_identifies_target[grab] PASSED [ 84%]
tests/test_role_parser.py::TestAllVerbs::test_each_verb_identifies_target[take] PASSED [ 85%]
tests/test_role_parser.py::TestAllVerbs::test_each_verb_identifies_target[drop] PASSED [ 86%]
tests/test_role_parser.py::TestAllVerbs::test_each_verb_identifies_target[insert] PASSED [ 86%]
tests/test_role_parser.py::TestAllPrepositions::test_each_preposition_identifies_destination[in] PASSED [ 87%]
tests/test_role_parser.py::TestAllPrepositions::test_each_preposition_identifies_destination[into] PASSED [ 87%]
tests/test_role_parser.py::TestAllPrepositions::test_each_preposition_identifies_destination[on] PASSED [ 88%]
tests/test_role_parser.py::TestAllPrepositions::test_each_preposition_identifies_destination[onto] PASSED [ 89%]
tests/test_role_parser.py::TestAllPrepositions::test_each_preposition_identifies_destination[to] PASSED [ 89%]
tests/test_role_parser.py::TestAllPrepositions::test_each_preposition_identifies_destination[inside] PASSED [ 90%]
tests/test_role_parser.py::TestFallbacks::test_no_verb_falls_back_to_text_search_for_target PASSED [ 90%]
tests/test_role_parser.py::TestFallbacks::test_no_preposition_falls_back_to_remaining_object PASSED [ 91%]
tests/test_role_parser.py::TestFallbacks::test_neither_verb_nor_preposition_uses_index_fallback PASSED [ 92%]
tests/test_role_parser.py::TestFallbacks::test_single_object_destination_equals_target PASSED [ 92%]
tests/test_role_parser.py::TestFallbacks::test_verb_not_matched_but_object_in_text PASSED [ 93%]
tests/test_role_parser.py::TestCaseAndPunctuation::test_uppercase_task PASSED [ 93%]
tests/test_role_parser.py::TestCaseAndPunctuation::test_mixed_case_object_list PASSED [ 94%]
tests/test_role_parser.py::TestCaseAndPunctuation::test_punctuation_in_task PASSED [ 95%]
tests/test_role_parser.py::TestOutputSchema::test_returns_dict_with_target_and_destination PASSED [ 95%]
tests/test_role_parser.py::TestOutputSchema::test_values_are_strings PASSED [ 96%]
tests/test_role_parser.py::TestOutputSchema::test_values_come_from_object_list PASSED [ 96%]
tests/test_role_parser.py::TestEdgeCases::test_empty_object_list_raises_value_error PASSED [ 97%]
tests/test_role_parser.py::TestEdgeCases::test_object_not_in_task_description PASSED [ 98%]
tests/test_role_parser.py::TestEdgeCases::test_target_and_destination_differ_when_two_objects PASSED [ 98%]
tests/test_role_parser.py::TestEdgeCases::test_real_task_marker_sprite PASSED [ 99%]
tests/test_role_parser.py::TestEdgeCases::test_real_task_block_tray PASSED [100%]

====================== 165 passed, 19 deselected in 2.47s ======================

=== Finished: exit=0  log=logs/pytest_20260513_140022.log ===
